Assembler report for SAT_accelerator
Sun Apr 09 20:38:15 2017
Quartus Prime Version 16.1.0 Build 196 10/24/2016 SJ Standard Edition


---------------------
; Table of Contents ;
---------------------
  1. Legal Notice
  2. Assembler Summary
  3. Assembler Settings
  4. Assembler Messages



----------------
; Legal Notice ;
----------------
Copyright (C) 2016  Intel Corporation. All rights reserved.
Your use of Intel Corporation's design tools, logic functions 
and other software and tools, and its AMPP partner logic 
functions, and any output files from any of the foregoing 
(including device programming or simulation files), and any 
associated documentation or information are expressly subject 
to the terms and conditions of the Intel Program License 
Subscription Agreement, the Intel Quartus Prime License Agreement,
the Intel MegaCore Function License Agreement, or other 
applicable license agreement, including, without limitation, 
that your use is for the sole purpose of programming logic 
devices manufactured by Intel and sold by Intel or its 
authorized distributors.  Please refer to the applicable 
agreement for further details.



+---------------------------------------------------------------+
; Assembler Summary                                             ;
+-----------------------+---------------------------------------+
; Assembler Status      ; Successful - Sun Apr 09 20:38:15 2017 ;
; Revision Name         ; SAT_accelerator                       ;
; Top-level Entity Name ; SAT_accelerator_top                   ;
; Family                ; Arria 10                              ;
; Device                ; 10AX115R4F40I3SG                      ;
+-----------------------+---------------------------------------+


+----------------------------------+
; Assembler Settings               ;
+--------+---------+---------------+
; Option ; Setting ; Default Value ;
+--------+---------+---------------+


+--------------------+
; Assembler Messages ;
+--------------------+
Info: *******************************************************************
Info: Running Quartus Prime Assembler
    Info: Version 16.1.0 Build 196 10/24/2016 SJ Standard Edition
    Info: Processing started: Sun Apr 09 20:38:04 2017
Info: Command: quartus_asm --read_settings_files=off --write_settings_files=off SAT_accelerator -c SAT_accelerator
Warning (292011): Can't generate programming files because you are currently using the Quartus Prime software in Evaluation Mode.
Info: Quartus Prime Assembler was successful. 0 errors, 1 warning
    Info: Peak virtual memory: 943 megabytes
    Info: Processing ended: Sun Apr 09 20:38:16 2017
    Info: Elapsed time: 00:00:12
    Info: Total CPU time (on all processors): 00:00:09


